<?xml version="1.0" encoding="UTF-8"?>
<testsuite xmlns:xsi="http://www.w3.org/2001/XMLSchema-instance" xsi:noNamespaceSchemaLocation="https://maven.apache.org/surefire/maven-surefire-plugin/xsd/surefire-test-report-3.0.xsd" version="3.0" name="edu.ntnu.iir.bidata.authorRegistryTest" time="0.146" tests="4" errors="0" skipped="0" failures="0">
  <properties>
[...]
</properties>
  <testcase name="GivingAuthorIdShouldReturnTheCorrectAuthor" classname="edu.ntnu.iir.bidata.authorRegistryTest" time="0.014"/>
  <testcase name="PrintingOutShouldCorrespond" classname="edu.ntnu.iir.bidata.authorRegistryTest" time="0.003"/>
  <testcase name="SearchingForADeletedItemShouldReturnAnExpection" classname="edu.ntnu.iir.bidata.authorRegistryTest" time="0.002"/>
  <testcase name="AddingAuthorShouldWork" classname="edu.ntnu.iir.bidata.authorRegistryTest" time="0"/>
</testsuite>